# Logfile created on 2017-05-31 00:18:16 +0200 by logger.rb/56438
[0;34;49mINFO[0m ---------------------------------------------------------------------------
[0;34;49mINFO[0m START 2017-05-31 00:18:16 +0200 cap production deploy
[0;34;49mINFO[0m ---------------------------------------------------------------------------
[0;34;49mINFO[0m [[0;32;49m9d7a0a67[0m] Running [1;33;49m/usr/bin/env mkdir -p /tmp/bellonch.com/[0m on [0;34;49mmoroder.bellonch.com[0m
[0;30;49mDEBUG[0m [[0;32;49m9d7a0a67[0m] Command: [0;34;49m/usr/bin/env mkdir -p /tmp/bellonch.com/[0m
[0;34;49mINFO[0m [[0;32;49m80acebb9[0m] Finished in 0.813 seconds with exit status 0 ([1;32;49msuccessful[0m).
[0;30;49mDEBUG[0m Uploading /tmp/bellonch.com/git-ssh.sh 0.0%
[0;34;49mINFO[0m Uploading /tmp/bellonch.com/git-ssh.sh 100.0%
[0;34;49mINFO[0m [[0;32;49m438875fa[0m] Running [1;33;49m/usr/bin/env chmod +x /tmp/bellonch.com/git-ssh.sh[0m on [0;34;49mmoroder.bellonch.com[0m
[0;30;49mDEBUG[0m [[0;32;49m438875fa[0m] Command: [0;34;49m/usr/bin/env chmod +x /tmp/bellonch.com/git-ssh.sh[0m
[0;34;49mINFO[0m [[0;32;49m4cc53cde[0m] Finished in 0.247 seconds with exit status 0 ([1;32;49msuccessful[0m).
[0;34;49mINFO[0m [[0;32;49mb9b10b39[0m] Running [1;33;49m/usr/bin/env git ls-remote --heads git@github.com:albertbellonch/bellonch.com.git[0m on [0;34;49mmoroder.bellonch.com[0m
[0;30;49mDEBUG[0m [[0;32;49mb9b10b39[0m] Command: [0;34;49m( GIT_ASKPASS=/bin/echo GIT_SSH=/tmp/bellonch.com/git-ssh.sh /usr/bin/env git ls-remote --heads git@github.com:albertbellonch/bellonch.com.git )[0m
[0;30;49mDEBUG[0m [[0;32;49mc1e92c00[0m] [0;32;49m	abce47cfdeff0056b2f32bd35b2ac89f1cb4db7a	refs/heads/master
[0m[0;30;49mDEBUG[0m [[0;32;49mc1e92c00[0m] [0;32;49m	95f8b608362636f794e50b6102622a0a92e69cf3	refs/heads/new-design
[0m[0;30;49mDEBUG[0m [[0;32;49mc1e92c00[0m] [0;32;49m	70e2799d6419717e57894645246618679c9a31d9	refs/heads/post/day-to-day-mac-os-apps-for-a-developer
[0m[0;30;49mDEBUG[0m [[0;32;49mc1e92c00[0m] [0;32;49m	e080f25f53a5f29242e4df0a5671d1ae819f37e1	refs/heads/post/on-the-radio
[0m[0;30;49mDEBUG[0m [[0;32;49mc1e92c00[0m] [0;32;49m	3240afbfbca02bf805479c4db943d38af994a442	refs/heads/post/pioneering-artisans
[0m[0;30;49mDEBUG[0m [[0;32;49mc1e92c00[0m] [0;32;49m	abce47cfdeff0056b2f32bd35b2ac89f1cb4db7a	refs/heads/production
[0m[0;30;49mDEBUG[0m [[0;32;49mc1e92c00[0m] [0;32;49m	abce47cfdeff0056b2f32bd35b2ac89f1cb4db7a	refs/heads/refactor/airbrussh
[0m[0;30;49mDEBUG[0m [[0;32;49mc1e92c00[0m] [0;32;49m	70e2799d6419717e57894645246618679c9a31d9	refs/heads/refactor/upgrade-dependencies
[0m[0;34;49mINFO[0m [[0;32;49m28f080dc[0m] Finished in 1.670 seconds with exit status 0 ([1;32;49msuccessful[0m).
[0;34;49mINFO[0m [[0;32;49m277d8774[0m] Running [1;33;49m/usr/bin/env mkdir -p /var/www/html/jekyll/bellonch.com/shared /var/www/html/jekyll/bellonch.com/releases[0m on [0;34;49mmoroder.bellonch.com[0m
[0;30;49mDEBUG[0m [[0;32;49m277d8774[0m] Command: [0;34;49m/usr/bin/env mkdir -p /var/www/html/jekyll/bellonch.com/shared /var/www/html/jekyll/bellonch.com/releases[0m
[0;34;49mINFO[0m [[0;32;49mb5942b71[0m] Finished in 0.234 seconds with exit status 0 ([1;32;49msuccessful[0m).
[0;30;49mDEBUG[0m [[0;32;49m89ade7f6[0m] Running [1;33;49m/usr/bin/env [ -f /var/www/html/jekyll/bellonch.com/current/REVISION ][0m on [0;34;49mmoroder.bellonch.com[0m
[0;30;49mDEBUG[0m [[0;32;49m89ade7f6[0m] Command: [0;34;49m[ -f /var/www/html/jekyll/bellonch.com/current/REVISION ][0m
[0;30;49mDEBUG[0m [[0;32;49maa01eb1c[0m] Finished in 0.271 seconds with exit status 0 ([1;32;49msuccessful[0m).
[0;30;49mDEBUG[0m [[0;32;49m1fe9d98c[0m] Running [1;33;49m/usr/bin/env cat /var/www/html/jekyll/bellonch.com/current/REVISION 2>/dev/null[0m on [0;34;49mmoroder.bellonch.com[0m
[0;30;49mDEBUG[0m [[0;32;49m1fe9d98c[0m] Command: [0;34;49m/usr/bin/env cat /var/www/html/jekyll/bellonch.com/current/REVISION 2>/dev/null[0m
[0;30;49mDEBUG[0m [[0;32;49mcbc1bdb6[0m] [0;32;49m	abce47c
[0m[0;30;49mDEBUG[0m [[0;32;49m79b294f1[0m] Finished in 0.258 seconds with exit status 0 ([1;32;49msuccessful[0m).
[0;30;49mDEBUG[0m [[0;32;49m365989f0[0m] Running [1;33;49m/usr/bin/env [ -f /var/www/html/jekyll/bellonch.com/repo/HEAD ][0m on [0;34;49mmoroder.bellonch.com[0m
[0;30;49mDEBUG[0m [[0;32;49m365989f0[0m] Command: [0;34;49m[ -f /var/www/html/jekyll/bellonch.com/repo/HEAD ][0m
[0;30;49mDEBUG[0m [[0;32;49m0f29c96f[0m] Finished in 0.268 seconds with exit status 0 ([1;32;49msuccessful[0m).
[0;34;49mINFO[0m The repository mirror is at /var/www/html/jekyll/bellonch.com/repo
[0;30;49mDEBUG[0m [[0;32;49m623d337b[0m] Running [1;33;49m/usr/bin/env if test ! -d /var/www/html/jekyll/bellonch.com/repo; then echo "Directory does not exist '/var/www/html/jekyll/bellonch.com/repo'" 1>&2; false; fi[0m on [0;34;49mmoroder.bellonch.com[0m
[0;30;49mDEBUG[0m [[0;32;49m623d337b[0m] Command: [0;34;49mif test ! -d /var/www/html/jekyll/bellonch.com/repo; then echo "Directory does not exist '/var/www/html/jekyll/bellonch.com/repo'" 1>&2; false; fi[0m
[0;30;49mDEBUG[0m [[0;32;49m43970fe5[0m] Finished in 0.227 seconds with exit status 0 ([1;32;49msuccessful[0m).
[0;34;49mINFO[0m [[0;32;49m983bc60a[0m] Running [1;33;49m/usr/bin/env git remote update[0m on [0;34;49mmoroder.bellonch.com[0m
[0;30;49mDEBUG[0m [[0;32;49m983bc60a[0m] Command: [0;34;49mcd /var/www/html/jekyll/bellonch.com/repo && ( GIT_ASKPASS=/bin/echo GIT_SSH=/tmp/bellonch.com/git-ssh.sh /usr/bin/env git remote update )[0m
[0;30;49mDEBUG[0m [[0;32;49m35240036[0m] [0;32;49m	Fetching origin
[0m[0;34;49mINFO[0m [[0;32;49me7e3c471[0m] Finished in 1.698 seconds with exit status 0 ([1;32;49msuccessful[0m).
[0;30;49mDEBUG[0m [[0;32;49m3054158e[0m] Running [1;33;49m/usr/bin/env if test ! -d /var/www/html/jekyll/bellonch.com/repo; then echo "Directory does not exist '/var/www/html/jekyll/bellonch.com/repo'" 1>&2; false; fi[0m on [0;34;49mmoroder.bellonch.com[0m
[0;30;49mDEBUG[0m [[0;32;49m3054158e[0m] Command: [0;34;49mif test ! -d /var/www/html/jekyll/bellonch.com/repo; then echo "Directory does not exist '/var/www/html/jekyll/bellonch.com/repo'" 1>&2; false; fi[0m
[0;30;49mDEBUG[0m [[0;32;49m5b77bc33[0m] Finished in 0.273 seconds with exit status 0 ([1;32;49msuccessful[0m).
[0;34;49mINFO[0m [[0;32;49m3fae8c4a[0m] Running [1;33;49m/usr/bin/env mkdir -p /var/www/html/jekyll/bellonch.com/releases/20170530221820[0m on [0;34;49mmoroder.bellonch.com[0m
[0;30;49mDEBUG[0m [[0;32;49m3fae8c4a[0m] Command: [0;34;49mcd /var/www/html/jekyll/bellonch.com/repo && ( GIT_ASKPASS=/bin/echo GIT_SSH=/tmp/bellonch.com/git-ssh.sh /usr/bin/env mkdir -p /var/www/html/jekyll/bellonch.com/releases/20170530221820 )[0m
[0;34;49mINFO[0m [[0;32;49m010a7c3e[0m] Finished in 0.243 seconds with exit status 0 ([1;32;49msuccessful[0m).
[0;34;49mINFO[0m [[0;32;49m980b5569[0m] Running [1;33;49m/usr/bin/env git archive production | tar -x -f - -C /var/www/html/jekyll/bellonch.com/releases/20170530221820[0m on [0;34;49mmoroder.bellonch.com[0m
[0;30;49mDEBUG[0m [[0;32;49m980b5569[0m] Command: [0;34;49mcd /var/www/html/jekyll/bellonch.com/repo && ( GIT_ASKPASS=/bin/echo GIT_SSH=/tmp/bellonch.com/git-ssh.sh /usr/bin/env git archive production | tar -x -f - -C /var/www/html/jekyll/bellonch.com/releases/20170530221820 )[0m
[0;34;49mINFO[0m [[0;32;49m468cab7e[0m] Finished in 0.314 seconds with exit status 0 ([1;32;49msuccessful[0m).
[0;30;49mDEBUG[0m [[0;32;49mcfc552f7[0m] Running [1;33;49m/usr/bin/env if test ! -d /var/www/html/jekyll/bellonch.com/repo; then echo "Directory does not exist '/var/www/html/jekyll/bellonch.com/repo'" 1>&2; false; fi[0m on [0;34;49mmoroder.bellonch.com[0m
[0;30;49mDEBUG[0m [[0;32;49mcfc552f7[0m] Command: [0;34;49mif test ! -d /var/www/html/jekyll/bellonch.com/repo; then echo "Directory does not exist '/var/www/html/jekyll/bellonch.com/repo'" 1>&2; false; fi[0m
[0;30;49mDEBUG[0m [[0;32;49m779b04d0[0m] Finished in 0.262 seconds with exit status 0 ([1;32;49msuccessful[0m).
[0;30;49mDEBUG[0m [[0;32;49mf5d3c07a[0m] Running [1;33;49m/usr/bin/env git rev-list --max-count=1 --abbrev-commit production[0m on [0;34;49mmoroder.bellonch.com[0m
[0;30;49mDEBUG[0m [[0;32;49mf5d3c07a[0m] Command: [0;34;49mcd /var/www/html/jekyll/bellonch.com/repo && ( GIT_ASKPASS=/bin/echo GIT_SSH=/tmp/bellonch.com/git-ssh.sh /usr/bin/env git rev-list --max-count=1 --abbrev-commit production )[0m
[0;30;49mDEBUG[0m [[0;32;49m11100060[0m] [0;32;49m	abce47c
[0m[0;30;49mDEBUG[0m [[0;32;49m1a7204ff[0m] Finished in 0.248 seconds with exit status 0 ([1;32;49msuccessful[0m).
[0;30;49mDEBUG[0m [[0;32;49mb78b80f1[0m] Running [1;33;49m/usr/bin/env if test ! -d /var/www/html/jekyll/bellonch.com/releases/20170530221820; then echo "Directory does not exist '/var/www/html/jekyll/bellonch.com/releases/20170530221820'" 1>&2; false; fi[0m on [0;34;49mmoroder.bellonch.com[0m
[0;30;49mDEBUG[0m [[0;32;49mb78b80f1[0m] Command: [0;34;49mif test ! -d /var/www/html/jekyll/bellonch.com/releases/20170530221820; then echo "Directory does not exist '/var/www/html/jekyll/bellonch.com/releases/20170530221820'" 1>&2; false; fi[0m
[0;30;49mDEBUG[0m [[0;32;49ma2ff7698[0m] Finished in 0.231 seconds with exit status 0 ([1;32;49msuccessful[0m).
[0;34;49mINFO[0m [[0;32;49m9c0fdf07[0m] Running [1;33;49m/usr/bin/env echo "abce47c" >> REVISION[0m on [0;34;49mmoroder.bellonch.com[0m
[0;30;49mDEBUG[0m [[0;32;49m9c0fdf07[0m] Command: [0;34;49mcd /var/www/html/jekyll/bellonch.com/releases/20170530221820 && /usr/bin/env echo "abce47c" >> REVISION[0m
[0;34;49mINFO[0m [[0;32;49m015c1da5[0m] Finished in 0.269 seconds with exit status 0 ([1;32;49msuccessful[0m).
[0;30;49mDEBUG[0m [[0;32;49m7d801c1b[0m] Running [1;33;49m/usr/bin/env if test ! -d /var/www/html/jekyll/bellonch.com/releases/20170530221820; then echo "Directory does not exist '/var/www/html/jekyll/bellonch.com/releases/20170530221820'" 1>&2; false; fi[0m on [0;34;49mmoroder.bellonch.com[0m
[0;30;49mDEBUG[0m [[0;32;49m7d801c1b[0m] Command: [0;34;49mif test ! -d /var/www/html/jekyll/bellonch.com/releases/20170530221820; then echo "Directory does not exist '/var/www/html/jekyll/bellonch.com/releases/20170530221820'" 1>&2; false; fi[0m
[0;30;49mDEBUG[0m [[0;32;49m21cc2509[0m] Finished in 0.227 seconds with exit status 0 ([1;32;49msuccessful[0m).
[0;34;49mINFO[0m [[0;32;49m30c394c6[0m] Running [1;33;49m/usr/bin/env bundle install --path /var/www/html/jekyll/bellonch.com/shared/bundle --without development test --deployment --quiet[0m on [0;34;49mmoroder.bellonch.com[0m
[0;30;49mDEBUG[0m [[0;32;49m30c394c6[0m] Command: [0;34;49mcd /var/www/html/jekyll/bellonch.com/releases/20170530221820 && /usr/bin/env bundle install --path /var/www/html/jekyll/bellonch.com/shared/bundle --without development test --deployment --quiet[0m
[0;34;49mINFO[0m [[0;32;49m72d9892d[0m] Finished in 0.683 seconds with exit status 0 ([1;32;49msuccessful[0m).
[0;34;49mINFO[0m [[0;32;49md72101fd[0m] Running [1;33;49m/usr/bin/env ln -s /var/www/html/jekyll/bellonch.com/releases/20170530221820 /var/www/html/jekyll/bellonch.com/releases/current[0m on [0;34;49mmoroder.bellonch.com[0m
[0;30;49mDEBUG[0m [[0;32;49md72101fd[0m] Command: [0;34;49m/usr/bin/env ln -s /var/www/html/jekyll/bellonch.com/releases/20170530221820 /var/www/html/jekyll/bellonch.com/releases/current[0m
[0;34;49mINFO[0m [[0;32;49m42d27855[0m] Finished in 0.256 seconds with exit status 0 ([1;32;49msuccessful[0m).
[0;34;49mINFO[0m [[0;32;49m1f4f1b85[0m] Running [1;33;49m/usr/bin/env mv /var/www/html/jekyll/bellonch.com/releases/current /var/www/html/jekyll/bellonch.com[0m on [0;34;49mmoroder.bellonch.com[0m
[0;30;49mDEBUG[0m [[0;32;49m1f4f1b85[0m] Command: [0;34;49m/usr/bin/env mv /var/www/html/jekyll/bellonch.com/releases/current /var/www/html/jekyll/bellonch.com[0m
[0;34;49mINFO[0m [[0;32;49m8101bd5d[0m] Finished in 0.223 seconds with exit status 0 ([1;32;49msuccessful[0m).
[0;30;49mDEBUG[0m [[0;32;49mf7d48c69[0m] Running [1;33;49m/usr/bin/env if test ! -d /var/www/html/jekyll/bellonch.com/current; then echo "Directory does not exist '/var/www/html/jekyll/bellonch.com/current'" 1>&2; false; fi[0m on [0;34;49mmoroder.bellonch.com[0m
[0;30;49mDEBUG[0m [[0;32;49mf7d48c69[0m] Command: [0;34;49mif test ! -d /var/www/html/jekyll/bellonch.com/current; then echo "Directory does not exist '/var/www/html/jekyll/bellonch.com/current'" 1>&2; false; fi[0m
[0;30;49mDEBUG[0m [[0;32;49m99728358[0m] Finished in 0.234 seconds with exit status 0 ([1;32;49msuccessful[0m).
[0;34;49mINFO[0m [[0;32;49md2f4ee05[0m] Running [1;33;49m/usr/bin/env cd /var/www/html/jekyll/bellonch.com/releases/20170530221820;rm -rf Capfile config lib;jekyll build --config _config_production.yml[0m on [0;34;49mmoroder.bellonch.com[0m
[0;30;49mDEBUG[0m [[0;32;49md2f4ee05[0m] Command: [0;34;49mcd /var/www/html/jekyll/bellonch.com/releases/20170530221820;rm -rf Capfile config lib;jekyll build --config _config_production.yml[0m
[0;30;49mDEBUG[0m [[0;32;49m91bc0235[0m] [0;32;49m	Configuration file: _config_production.yml[0m
[0;30;49mDEBUG[0m [[0;32;49ma225b567[0m] [0;32;49m	
[0m[0;30;49mDEBUG[0m [[0;32;49md5f885bb[0m] [0;32;49m	            Source: /var/www/html/jekyll/bellonch.com/releases/20170530221820[0m
[0;30;49mDEBUG[0m [[0;32;49mce767d43[0m] [0;32;49m	
[0m[0;30;49mDEBUG[0m [[0;32;49md74c7625[0m] [0;32;49m	       Destination: /var/www/html/jekyll/bellonch.com/releases/20170530221820/_site[0m
[0;30;49mDEBUG[0m [[0;32;49m1f6edbe5[0m] [0;32;49m	
[0m[0;30;49mDEBUG[0m [[0;32;49m45de9ea0[0m] [0;32;49m	 Incremental build: disabled. Enable with --incremental[0m
[0;30;49mDEBUG[0m [[0;32;49m3ea569f4[0m] [0;32;49m	
[0m[0;30;49mDEBUG[0m [[0;32;49mfdaa902d[0m] [0;32;49m	      Generating... [0m
[0;30;49mDEBUG[0m [[0;32;49m95380ba8[0m] [0;32;49m	
[0m[0;30;49mDEBUG[0m [[0;32;49m59138edb[0m] [0;32;49m	                    done in 1.707 seconds.[0m
[0;30;49mDEBUG[0m [[0;32;49mbe7e6074[0m] [0;32;49m	
[0m[0;30;49mDEBUG[0m [[0;32;49ma08501f1[0m] [0;32;49m	 Auto-regeneration: disabled. Use --watch to enable.[0m
[0;30;49mDEBUG[0m [[0;32;49mc9208ead[0m] [0;32;49m	
[0m[0;34;49mINFO[0m [[0;32;49m4d6e56cd[0m] Finished in 2.593 seconds with exit status 0 ([1;32;49msuccessful[0m).
[0;30;49mDEBUG[0m [[0;32;49m9528f2df[0m] Running [1;33;49m/usr/bin/env ls -xtr /var/www/html/jekyll/bellonch.com/releases[0m on [0;34;49mmoroder.bellonch.com[0m
[0;30;49mDEBUG[0m [[0;32;49m9528f2df[0m] Command: [0;34;49m/usr/bin/env ls -xtr /var/www/html/jekyll/bellonch.com/releases[0m
[0;30;49mDEBUG[0m [[0;32;49m8edadcec[0m] [0;32;49m	20170515211819	20170522221408	20170523100955	20170530221333	20170530221751
[0m[0;30;49mDEBUG[0m [[0;32;49m8edadcec[0m] [0;32;49m	20170530221820
[0m[0;30;49mDEBUG[0m [[0;32;49m3644aa6a[0m] Finished in 0.269 seconds with exit status 0 ([1;32;49msuccessful[0m).
[0;34;49mINFO[0m Keeping 5 of 6 deployed releases on moroder.bellonch.com
[0;34;49mINFO[0m [[0;32;49m9ce6add3[0m] Running [1;33;49m/usr/bin/env rm -rf /var/www/html/jekyll/bellonch.com/releases/20170515211819[0m on [0;34;49mmoroder.bellonch.com[0m
[0;30;49mDEBUG[0m [[0;32;49m9ce6add3[0m] Command: [0;34;49m/usr/bin/env rm -rf /var/www/html/jekyll/bellonch.com/releases/20170515211819[0m
[0;34;49mINFO[0m [[0;32;49mc36a4e6c[0m] Finished in 0.247 seconds with exit status 0 ([1;32;49msuccessful[0m).
[0;30;49mDEBUG[0m [[0;32;49m9b241907[0m] Running [1;33;49m/usr/bin/env if test ! -d /var/www/html/jekyll/bellonch.com/releases; then echo "Directory does not exist '/var/www/html/jekyll/bellonch.com/releases'" 1>&2; false; fi[0m on [0;34;49mmoroder.bellonch.com[0m
[0;30;49mDEBUG[0m [[0;32;49m9b241907[0m] Command: [0;34;49mif test ! -d /var/www/html/jekyll/bellonch.com/releases; then echo "Directory does not exist '/var/www/html/jekyll/bellonch.com/releases'" 1>&2; false; fi[0m
[0;30;49mDEBUG[0m [[0;32;49mf61b467d[0m] Finished in 0.221 seconds with exit status 0 ([1;32;49msuccessful[0m).
[0;34;49mINFO[0m [[0;32;49m456477d6[0m] Running [1;33;49m/usr/bin/env echo "Branch production (at abce47c) deployed as release 20170530221820 by albert" >> /var/www/html/jekyll/bellonch.com/revisions.log[0m on [0;34;49mmoroder.bellonch.com[0m
[0;30;49mDEBUG[0m [[0;32;49m456477d6[0m] Command: [0;34;49mecho "Branch production (at abce47c) deployed as release 20170530221820 by albert" >> /var/www/html/jekyll/bellonch.com/revisions.log[0m
[0;34;49mINFO[0m [[0;32;49m6f40d6c3[0m] Finished in 0.208 seconds with exit status 0 ([1;32;49msuccessful[0m).
[0;34;49mINFO[0m ---------------------------------------------------------------------------
[0;34;49mINFO[0m START 2017-05-31 00:19:17 +0200 cap production deploy
[0;34;49mINFO[0m ---------------------------------------------------------------------------
[0;34;49mINFO[0m [[0;32;49m7ebf590c[0m] Running [1;33;49m/usr/bin/env mkdir -p /tmp/bellonch.com/[0m on [0;34;49mmoroder.bellonch.com[0m
[0;30;49mDEBUG[0m [[0;32;49m7ebf590c[0m] Command: [0;34;49m/usr/bin/env mkdir -p /tmp/bellonch.com/[0m
[0;34;49mINFO[0m [[0;32;49mad6da707[0m] Finished in 0.861 seconds with exit status 0 ([1;32;49msuccessful[0m).
[0;30;49mDEBUG[0m Uploading /tmp/bellonch.com/git-ssh.sh 0.0%
[0;34;49mINFO[0m Uploading /tmp/bellonch.com/git-ssh.sh 100.0%
[0;34;49mINFO[0m [[0;32;49mabd4bf7e[0m] Running [1;33;49m/usr/bin/env chmod +x /tmp/bellonch.com/git-ssh.sh[0m on [0;34;49mmoroder.bellonch.com[0m
[0;30;49mDEBUG[0m [[0;32;49mabd4bf7e[0m] Command: [0;34;49m/usr/bin/env chmod +x /tmp/bellonch.com/git-ssh.sh[0m
[0;34;49mINFO[0m [[0;32;49m14bdf513[0m] Finished in 0.239 seconds with exit status 0 ([1;32;49msuccessful[0m).
[0;34;49mINFO[0m [[0;32;49me687c97e[0m] Running [1;33;49m/usr/bin/env git ls-remote --heads git@github.com:albertbellonch/bellonch.com.git[0m on [0;34;49mmoroder.bellonch.com[0m
[0;30;49mDEBUG[0m [[0;32;49me687c97e[0m] Command: [0;34;49m( GIT_ASKPASS=/bin/echo GIT_SSH=/tmp/bellonch.com/git-ssh.sh /usr/bin/env git ls-remote --heads git@github.com:albertbellonch/bellonch.com.git )[0m
[0;30;49mDEBUG[0m [[0;32;49m553e6bfd[0m] [0;32;49m	abce47cfdeff0056b2f32bd35b2ac89f1cb4db7a	refs/heads/master
[0m[0;30;49mDEBUG[0m [[0;32;49m553e6bfd[0m] [0;32;49m	95f8b608362636f794e50b6102622a0a92e69cf3	refs/heads/new-design
[0m[0;30;49mDEBUG[0m [[0;32;49m553e6bfd[0m] [0;32;49m	70e2799d6419717e57894645246618679c9a31d9	refs/heads/post/day-to-day-mac-os-apps-for-a-developer
[0m[0;30;49mDEBUG[0m [[0;32;49m553e6bfd[0m] [0;32;49m	e080f25f53a5f29242e4df0a5671d1ae819f37e1	refs/heads/post/on-the-radio
[0m[0;30;49mDEBUG[0m [[0;32;49m553e6bfd[0m] [0;32;49m	3240afbfbca02bf805479c4db943d38af994a442	refs/heads/post/pioneering-artisans
[0m[0;30;49mDEBUG[0m [[0;32;49m553e6bfd[0m] [0;32;49m	abce47cfdeff0056b2f32bd35b2ac89f1cb4db7a	refs/heads/production
[0m[0;30;49mDEBUG[0m [[0;32;49m553e6bfd[0m] [0;32;49m	abce47cfdeff0056b2f32bd35b2ac89f1cb4db7a	refs/heads/refactor/airbrussh
[0m[0;30;49mDEBUG[0m [[0;32;49m553e6bfd[0m] [0;32;49m	70e2799d6419717e57894645246618679c9a31d9	refs/heads/refactor/upgrade-dependencies
[0m[0;34;49mINFO[0m [[0;32;49m2544e066[0m] Finished in 1.464 seconds with exit status 0 ([1;32;49msuccessful[0m).
[0;34;49mINFO[0m [[0;32;49m8f206897[0m] Running [1;33;49m/usr/bin/env mkdir -p /var/www/html/jekyll/bellonch.com/shared /var/www/html/jekyll/bellonch.com/releases[0m on [0;34;49mmoroder.bellonch.com[0m
[0;30;49mDEBUG[0m [[0;32;49m8f206897[0m] Command: [0;34;49m/usr/bin/env mkdir -p /var/www/html/jekyll/bellonch.com/shared /var/www/html/jekyll/bellonch.com/releases[0m
[0;34;49mINFO[0m [[0;32;49m9fcf35b9[0m] Finished in 0.224 seconds with exit status 0 ([1;32;49msuccessful[0m).
[0;30;49mDEBUG[0m [[0;32;49mf4aafb28[0m] Running [1;33;49m/usr/bin/env [ -f /var/www/html/jekyll/bellonch.com/current/REVISION ][0m on [0;34;49mmoroder.bellonch.com[0m
[0;30;49mDEBUG[0m [[0;32;49mf4aafb28[0m] Command: [0;34;49m[ -f /var/www/html/jekyll/bellonch.com/current/REVISION ][0m
[0;30;49mDEBUG[0m [[0;32;49maa9af20d[0m] Finished in 0.233 seconds with exit status 0 ([1;32;49msuccessful[0m).
[0;30;49mDEBUG[0m [[0;32;49mc5950b5f[0m] Running [1;33;49m/usr/bin/env cat /var/www/html/jekyll/bellonch.com/current/REVISION 2>/dev/null[0m on [0;34;49mmoroder.bellonch.com[0m
[0;30;49mDEBUG[0m [[0;32;49mc5950b5f[0m] Command: [0;34;49m/usr/bin/env cat /var/www/html/jekyll/bellonch.com/current/REVISION 2>/dev/null[0m
[0;30;49mDEBUG[0m [[0;32;49m6bcd2a81[0m] [0;32;49m	abce47c
[0m[0;30;49mDEBUG[0m [[0;32;49md00795ef[0m] Finished in 0.234 seconds with exit status 0 ([1;32;49msuccessful[0m).
[0;30;49mDEBUG[0m [[0;32;49mb3828987[0m] Running [1;33;49m/usr/bin/env [ -f /var/www/html/jekyll/bellonch.com/repo/HEAD ][0m on [0;34;49mmoroder.bellonch.com[0m
[0;30;49mDEBUG[0m [[0;32;49mb3828987[0m] Command: [0;34;49m[ -f /var/www/html/jekyll/bellonch.com/repo/HEAD ][0m
[0;30;49mDEBUG[0m [[0;32;49mfed52c93[0m] Finished in 0.270 seconds with exit status 0 ([1;32;49msuccessful[0m).
[0;34;49mINFO[0m The repository mirror is at /var/www/html/jekyll/bellonch.com/repo
[0;30;49mDEBUG[0m [[0;32;49m50187aed[0m] Running [1;33;49m/usr/bin/env if test ! -d /var/www/html/jekyll/bellonch.com/repo; then echo "Directory does not exist '/var/www/html/jekyll/bellonch.com/repo'" 1>&2; false; fi[0m on [0;34;49mmoroder.bellonch.com[0m
[0;30;49mDEBUG[0m [[0;32;49m50187aed[0m] Command: [0;34;49mif test ! -d /var/www/html/jekyll/bellonch.com/repo; then echo "Directory does not exist '/var/www/html/jekyll/bellonch.com/repo'" 1>&2; false; fi[0m
[0;30;49mDEBUG[0m [[0;32;49m8279b4be[0m] Finished in 0.230 seconds with exit status 0 ([1;32;49msuccessful[0m).
[0;34;49mINFO[0m [[0;32;49m47f3548e[0m] Running [1;33;49m/usr/bin/env git remote update[0m on [0;34;49mmoroder.bellonch.com[0m
[0;30;49mDEBUG[0m [[0;32;49m47f3548e[0m] Command: [0;34;49mcd /var/www/html/jekyll/bellonch.com/repo && ( GIT_ASKPASS=/bin/echo GIT_SSH=/tmp/bellonch.com/git-ssh.sh /usr/bin/env git remote update )[0m
[0;30;49mDEBUG[0m [[0;32;49me43d106a[0m] [0;32;49m	Fetching origin
[0m[0;34;49mINFO[0m [[0;32;49m0c483020[0m] Finished in 1.480 seconds with exit status 0 ([1;32;49msuccessful[0m).
[0;30;49mDEBUG[0m [[0;32;49md1503f25[0m] Running [1;33;49m/usr/bin/env if test ! -d /var/www/html/jekyll/bellonch.com/repo; then echo "Directory does not exist '/var/www/html/jekyll/bellonch.com/repo'" 1>&2; false; fi[0m on [0;34;49mmoroder.bellonch.com[0m
[0;30;49mDEBUG[0m [[0;32;49md1503f25[0m] Command: [0;34;49mif test ! -d /var/www/html/jekyll/bellonch.com/repo; then echo "Directory does not exist '/var/www/html/jekyll/bellonch.com/repo'" 1>&2; false; fi[0m
[0;30;49mDEBUG[0m [[0;32;49m5ffdd010[0m] Finished in 0.262 seconds with exit status 0 ([1;32;49msuccessful[0m).
[0;34;49mINFO[0m [[0;32;49mf0e31419[0m] Running [1;33;49m/usr/bin/env mkdir -p /var/www/html/jekyll/bellonch.com/releases/20170530221922[0m on [0;34;49mmoroder.bellonch.com[0m
[0;30;49mDEBUG[0m [[0;32;49mf0e31419[0m] Command: [0;34;49mcd /var/www/html/jekyll/bellonch.com/repo && ( GIT_ASKPASS=/bin/echo GIT_SSH=/tmp/bellonch.com/git-ssh.sh /usr/bin/env mkdir -p /var/www/html/jekyll/bellonch.com/releases/20170530221922 )[0m
[0;34;49mINFO[0m [[0;32;49m0dcc14da[0m] Finished in 0.224 seconds with exit status 0 ([1;32;49msuccessful[0m).
[0;34;49mINFO[0m [[0;32;49m5a6708ef[0m] Running [1;33;49m/usr/bin/env git archive production | tar -x -f - -C /var/www/html/jekyll/bellonch.com/releases/20170530221922[0m on [0;34;49mmoroder.bellonch.com[0m
[0;30;49mDEBUG[0m [[0;32;49m5a6708ef[0m] Command: [0;34;49mcd /var/www/html/jekyll/bellonch.com/repo && ( GIT_ASKPASS=/bin/echo GIT_SSH=/tmp/bellonch.com/git-ssh.sh /usr/bin/env git archive production | tar -x -f - -C /var/www/html/jekyll/bellonch.com/releases/20170530221922 )[0m
[0;34;49mINFO[0m [[0;32;49m8638b317[0m] Finished in 0.312 seconds with exit status 0 ([1;32;49msuccessful[0m).
[0;30;49mDEBUG[0m [[0;32;49mb5931590[0m] Running [1;33;49m/usr/bin/env if test ! -d /var/www/html/jekyll/bellonch.com/repo; then echo "Directory does not exist '/var/www/html/jekyll/bellonch.com/repo'" 1>&2; false; fi[0m on [0;34;49mmoroder.bellonch.com[0m
[0;30;49mDEBUG[0m [[0;32;49mb5931590[0m] Command: [0;34;49mif test ! -d /var/www/html/jekyll/bellonch.com/repo; then echo "Directory does not exist '/var/www/html/jekyll/bellonch.com/repo'" 1>&2; false; fi[0m
[0;30;49mDEBUG[0m [[0;32;49m4f14618c[0m] Finished in 0.260 seconds with exit status 0 ([1;32;49msuccessful[0m).
[0;30;49mDEBUG[0m [[0;32;49m35e1219a[0m] Running [1;33;49m/usr/bin/env git rev-list --max-count=1 --abbrev-commit production[0m on [0;34;49mmoroder.bellonch.com[0m
[0;30;49mDEBUG[0m [[0;32;49m35e1219a[0m] Command: [0;34;49mcd /var/www/html/jekyll/bellonch.com/repo && ( GIT_ASKPASS=/bin/echo GIT_SSH=/tmp/bellonch.com/git-ssh.sh /usr/bin/env git rev-list --max-count=1 --abbrev-commit production )[0m
[0;30;49mDEBUG[0m [[0;32;49m29e80581[0m] [0;32;49m	abce47c
[0m[0;30;49mDEBUG[0m [[0;32;49mb2f2d297[0m] Finished in 0.281 seconds with exit status 0 ([1;32;49msuccessful[0m).
[0;30;49mDEBUG[0m [[0;32;49md2af319f[0m] Running [1;33;49m/usr/bin/env if test ! -d /var/www/html/jekyll/bellonch.com/releases/20170530221922; then echo "Directory does not exist '/var/www/html/jekyll/bellonch.com/releases/20170530221922'" 1>&2; false; fi[0m on [0;34;49mmoroder.bellonch.com[0m
[0;30;49mDEBUG[0m [[0;32;49md2af319f[0m] Command: [0;34;49mif test ! -d /var/www/html/jekyll/bellonch.com/releases/20170530221922; then echo "Directory does not exist '/var/www/html/jekyll/bellonch.com/releases/20170530221922'" 1>&2; false; fi[0m
[0;30;49mDEBUG[0m [[0;32;49mb75f7add[0m] Finished in 0.214 seconds with exit status 0 ([1;32;49msuccessful[0m).
[0;34;49mINFO[0m [[0;32;49m49a62691[0m] Running [1;33;49m/usr/bin/env echo "abce47c" >> REVISION[0m on [0;34;49mmoroder.bellonch.com[0m
[0;30;49mDEBUG[0m [[0;32;49m49a62691[0m] Command: [0;34;49mcd /var/www/html/jekyll/bellonch.com/releases/20170530221922 && /usr/bin/env echo "abce47c" >> REVISION[0m
[0;34;49mINFO[0m [[0;32;49m85bdc64c[0m] Finished in 0.281 seconds with exit status 0 ([1;32;49msuccessful[0m).
[0;30;49mDEBUG[0m [[0;32;49m1af21482[0m] Running [1;33;49m/usr/bin/env if test ! -d /var/www/html/jekyll/bellonch.com/releases/20170530221922; then echo "Directory does not exist '/var/www/html/jekyll/bellonch.com/releases/20170530221922'" 1>&2; false; fi[0m on [0;34;49mmoroder.bellonch.com[0m
[0;30;49mDEBUG[0m [[0;32;49m1af21482[0m] Command: [0;34;49mif test ! -d /var/www/html/jekyll/bellonch.com/releases/20170530221922; then echo "Directory does not exist '/var/www/html/jekyll/bellonch.com/releases/20170530221922'" 1>&2; false; fi[0m
[0;30;49mDEBUG[0m [[0;32;49m9b986c20[0m] Finished in 0.214 seconds with exit status 0 ([1;32;49msuccessful[0m).
[0;34;49mINFO[0m [[0;32;49md097960d[0m] Running [1;33;49m/usr/bin/env bundle install --path /var/www/html/jekyll/bellonch.com/shared/bundle --without development test --deployment --quiet[0m on [0;34;49mmoroder.bellonch.com[0m
[0;30;49mDEBUG[0m [[0;32;49md097960d[0m] Command: [0;34;49mcd /var/www/html/jekyll/bellonch.com/releases/20170530221922 && /usr/bin/env bundle install --path /var/www/html/jekyll/bellonch.com/shared/bundle --without development test --deployment --quiet[0m
[0;34;49mINFO[0m [[0;32;49m5890730e[0m] Finished in 0.669 seconds with exit status 0 ([1;32;49msuccessful[0m).
[0;34;49mINFO[0m [[0;32;49m15bca31a[0m] Running [1;33;49m/usr/bin/env ln -s /var/www/html/jekyll/bellonch.com/releases/20170530221922 /var/www/html/jekyll/bellonch.com/releases/current[0m on [0;34;49mmoroder.bellonch.com[0m
[0;30;49mDEBUG[0m [[0;32;49m15bca31a[0m] Command: [0;34;49m/usr/bin/env ln -s /var/www/html/jekyll/bellonch.com/releases/20170530221922 /var/www/html/jekyll/bellonch.com/releases/current[0m
[0;34;49mINFO[0m [[0;32;49mb70f6668[0m] Finished in 0.216 seconds with exit status 0 ([1;32;49msuccessful[0m).
[0;34;49mINFO[0m [[0;32;49m1c44f603[0m] Running [1;33;49m/usr/bin/env mv /var/www/html/jekyll/bellonch.com/releases/current /var/www/html/jekyll/bellonch.com[0m on [0;34;49mmoroder.bellonch.com[0m
[0;30;49mDEBUG[0m [[0;32;49m1c44f603[0m] Command: [0;34;49m/usr/bin/env mv /var/www/html/jekyll/bellonch.com/releases/current /var/www/html/jekyll/bellonch.com[0m
[0;34;49mINFO[0m [[0;32;49m8181b798[0m] Finished in 0.220 seconds with exit status 0 ([1;32;49msuccessful[0m).
[0;30;49mDEBUG[0m [[0;32;49mcf43b303[0m] Running [1;33;49m/usr/bin/env if test ! -d /var/www/html/jekyll/bellonch.com/current; then echo "Directory does not exist '/var/www/html/jekyll/bellonch.com/current'" 1>&2; false; fi[0m on [0;34;49mmoroder.bellonch.com[0m
[0;30;49mDEBUG[0m [[0;32;49mcf43b303[0m] Command: [0;34;49mif test ! -d /var/www/html/jekyll/bellonch.com/current; then echo "Directory does not exist '/var/www/html/jekyll/bellonch.com/current'" 1>&2; false; fi[0m
[0;30;49mDEBUG[0m [[0;32;49mba989f21[0m] Finished in 0.228 seconds with exit status 0 ([1;32;49msuccessful[0m).
[0;34;49mINFO[0m [[0;32;49m988d42f4[0m] Running [1;33;49m/usr/bin/env cd /var/www/html/jekyll/bellonch.com/releases/20170530221922;rm -rf Capfile config lib;jekyll build --config _config_production.yml[0m on [0;34;49mmoroder.bellonch.com[0m
[0;30;49mDEBUG[0m [[0;32;49m988d42f4[0m] Command: [0;34;49mcd /var/www/html/jekyll/bellonch.com/releases/20170530221922;rm -rf Capfile config lib;jekyll build --config _config_production.yml[0m
[0;30;49mDEBUG[0m [[0;32;49mea6455fb[0m] [0;32;49m	Configuration file: _config_production.yml[0m
[0;30;49mDEBUG[0m [[0;32;49m147eb25f[0m] [0;32;49m	
[0m[0;30;49mDEBUG[0m [[0;32;49m41e3c7b8[0m] [0;32;49m	            Source: /var/www/html/jekyll/bellonch.com/releases/20170530221922[0m
[0;30;49mDEBUG[0m [[0;32;49md50c8886[0m] [0;32;49m	
[0m[0;30;49mDEBUG[0m [[0;32;49m2bbfd7c4[0m] [0;32;49m	       Destination: /var/www/html/jekyll/bellonch.com/releases/20170530221922/_site[0m
[0;30;49mDEBUG[0m [[0;32;49m6b068fe6[0m] [0;32;49m	
[0m[0;30;49mDEBUG[0m [[0;32;49meb081a5a[0m] [0;32;49m	 Incremental build: disabled. Enable with --incremental[0m
[0;30;49mDEBUG[0m [[0;32;49mfe47ebac[0m] [0;32;49m	
[0m[0;30;49mDEBUG[0m [[0;32;49m28244c5c[0m] [0;32;49m	      Generating... [0m
[0;30;49mDEBUG[0m [[0;32;49mbc263d0b[0m] [0;32;49m	
[0m[0;30;49mDEBUG[0m [[0;32;49m4c5ad3c9[0m] [0;32;49m	                    done in 1.68 seconds.[0m
[0;30;49mDEBUG[0m [[0;32;49m1a69b874[0m] [0;32;49m	
[0m[0;30;49mDEBUG[0m [[0;32;49m9b6a229b[0m] [0;32;49m	 Auto-regeneration: disabled. Use --watch to enable.[0m
[0;30;49mDEBUG[0m [[0;32;49ma2950ff5[0m] [0;32;49m	
[0m[0;34;49mINFO[0m [[0;32;49meb676fea[0m] Finished in 2.576 seconds with exit status 0 ([1;32;49msuccessful[0m).
[0;30;49mDEBUG[0m [[0;32;49m3d463471[0m] Running [1;33;49m/usr/bin/env ls -xtr /var/www/html/jekyll/bellonch.com/releases[0m on [0;34;49mmoroder.bellonch.com[0m
[0;30;49mDEBUG[0m [[0;32;49m3d463471[0m] Command: [0;34;49m/usr/bin/env ls -xtr /var/www/html/jekyll/bellonch.com/releases[0m
[0;30;49mDEBUG[0m [[0;32;49mb461842c[0m] [0;32;49m	20170522221408	20170523100955	20170530221333	20170530221751	20170530221820
[0m[0;30;49mDEBUG[0m [[0;32;49mb461842c[0m] [0;32;49m	20170530221922
[0m[0;30;49mDEBUG[0m [[0;32;49m87c5014e[0m] Finished in 0.222 seconds with exit status 0 ([1;32;49msuccessful[0m).
[0;34;49mINFO[0m Keeping 5 of 6 deployed releases on moroder.bellonch.com
[0;34;49mINFO[0m [[0;32;49m145d8b05[0m] Running [1;33;49m/usr/bin/env rm -rf /var/www/html/jekyll/bellonch.com/releases/20170522221408[0m on [0;34;49mmoroder.bellonch.com[0m
[0;30;49mDEBUG[0m [[0;32;49m145d8b05[0m] Command: [0;34;49m/usr/bin/env rm -rf /var/www/html/jekyll/bellonch.com/releases/20170522221408[0m
[0;34;49mINFO[0m [[0;32;49m1102597c[0m] Finished in 0.244 seconds with exit status 0 ([1;32;49msuccessful[0m).
[0;30;49mDEBUG[0m [[0;32;49ma0037777[0m] Running [1;33;49m/usr/bin/env if test ! -d /var/www/html/jekyll/bellonch.com/releases; then echo "Directory does not exist '/var/www/html/jekyll/bellonch.com/releases'" 1>&2; false; fi[0m on [0;34;49mmoroder.bellonch.com[0m
[0;30;49mDEBUG[0m [[0;32;49ma0037777[0m] Command: [0;34;49mif test ! -d /var/www/html/jekyll/bellonch.com/releases; then echo "Directory does not exist '/var/www/html/jekyll/bellonch.com/releases'" 1>&2; false; fi[0m
[0;30;49mDEBUG[0m [[0;32;49m5a7f3de8[0m] Finished in 0.228 seconds with exit status 0 ([1;32;49msuccessful[0m).
[0;34;49mINFO[0m [[0;32;49ma39b9b21[0m] Running [1;33;49m/usr/bin/env echo "Branch production (at abce47c) deployed as release 20170530221922 by albert" >> /var/www/html/jekyll/bellonch.com/revisions.log[0m on [0;34;49mmoroder.bellonch.com[0m
[0;30;49mDEBUG[0m [[0;32;49ma39b9b21[0m] Command: [0;34;49mecho "Branch production (at abce47c) deployed as release 20170530221922 by albert" >> /var/www/html/jekyll/bellonch.com/revisions.log[0m
[0;34;49mINFO[0m [[0;32;49m763c3d95[0m] Finished in 0.220 seconds with exit status 0 ([1;32;49msuccessful[0m).
